<?xml version="1.0" encoding="UTF-8"?>
<testsuite xmlns:xsi="http://www.w3.org/2001/XMLSchema-instance" xsi:noNamespaceSchemaLocation="https://maven.apache.org/surefire/maven-surefire-plugin/xsd/surefire-test-report-3.0.xsd" version="3.0" name="com.nhnacademy.server.method.response.impl.PortResponseTest" time="4.166" tests="5" errors="1" skipped="0" failures="0">
  <properties>
    <property name="java.specification.version" value="21"/>
    <property name="sun.cpu.isalist" value="amd64"/>
    <property name="sun.jnu.encoding" value="MS949"/>
    <property name="java.class.path" value="C:\Users\alskd\My_code_nhn\Thread_network\Network\java-socket-exercise\target\test-classes;C:\Users\alskd\My_code_nhn\Thread_network\Network\java-socket-exercise\target\classes;C:\Users\alskd\.m2\repository\org\junit\platform\junit-platform-launcher\1.10.3\junit-platform-launcher-1.10.3.jar;C:\Users\alskd\.m2\repository\org\junit\platform\junit-platform-engine\1.10.3\junit-platform-engine-1.10.3.jar;C:\Users\alskd\.m2\repository\org\opentest4j\opentest4j\1.3.0\opentest4j-1.3.0.jar;C:\Users\alskd\.m2\repository\org\junit\platform\junit-platform-commons\1.10.3\junit-platform-commons-1.10.3.jar;C:\Users\alskd\.m2\repository\org\apiguardian\apiguardian-api\1.1.2\apiguardian-api-1.1.2.jar;C:\Users\alskd\.m2\repository\org\junit\jupiter\junit-jupiter-engine\5.10.3\junit-jupiter-engine-5.10.3.jar;C:\Users\alskd\.m2\repository\org\junit\jupiter\junit-jupiter-api\5.10.3\junit-jupiter-api-5.10.3.jar;C:\Users\alskd\.m2\repository\org\junit\vintage\junit-vintage-engine\5.10.3\junit-vintage-engine-5.10.3.jar;C:\Users\alskd\.m2\repository\junit\junit\4.13.2\junit-4.13.2.jar;C:\Users\alskd\.m2\repository\org\hamcrest\hamcrest-core\1.3\hamcrest-core-1.3.jar;C:\Users\alskd\.m2\repository\org\projectlombok\lombok\1.18.32\lombok-1.18.32.jar;C:\Users\alskd\.m2\repository\ch\qos\logback\logback-classic\1.5.6\logback-classic-1.5.6.jar;C:\Users\alskd\.m2\repository\ch\qos\logback\logback-core\1.5.6\logback-core-1.5.6.jar;C:\Users\alskd\.m2\repository\org\slf4j\slf4j-api\2.0.13\slf4j-api-2.0.13.jar;C:\Users\alskd\.m2\repository\org\apache\commons\commons-lang3\3.16.0\commons-lang3-3.16.0.jar;C:\Users\alskd\.m2\repository\org\mockito\mockito-core\5.13.0\mockito-core-5.13.0.jar;C:\Users\alskd\.m2\repository\net\bytebuddy\byte-buddy\1.15.0\byte-buddy-1.15.0.jar;C:\Users\alskd\.m2\repository\net\bytebuddy\byte-buddy-agent\1.15.0\byte-buddy-agent-1.15.0.jar;C:\Users\alskd\.m2\repository\org\objenesis\objenesis\3.3\objenesis-3.3.jar;"/>
    <property name="java.vm.vendor" value="Oracle Corporation"/>
    <property name="sun.arch.data.model" value="64"/>
    <property name="user.variant" value=""/>
    <property name="java.vendor.url" value="https://java.oracle.com/"/>
    <property name="user.timezone" value="Asia/Seoul"/>
    <property name="os.name" value="Windows 11"/>
    <property name="java.vm.specification.version" value="21"/>
    <property name="sun.java.launcher" value="SUN_STANDARD"/>
    <property name="user.country" value="KR"/>
    <property name="sun.boot.library.path" value="C:\Users\alskd\.jdks\openjdk-21.0.1\bin"/>
    <property name="sun.java.command" value="C:\Users\alskd\AppData\Local\Temp\surefire1267551472929157974\surefirebooter-20250212134950553_3.jar C:\Users\alskd\AppData\Local\Temp\surefire1267551472929157974 2025-02-12T13-49-49_308-jvmRun1 surefire-20250212134950553_1tmp surefire_0-20250212134950553_2tmp"/>
    <property name="jdk.debug" value="release"/>
    <property name="surefire.test.class.path" value="C:\Users\alskd\My_code_nhn\Thread_network\Network\java-socket-exercise\target\test-classes;C:\Users\alskd\My_code_nhn\Thread_network\Network\java-socket-exercise\target\classes;C:\Users\alskd\.m2\repository\org\junit\platform\junit-platform-launcher\1.10.3\junit-platform-launcher-1.10.3.jar;C:\Users\alskd\.m2\repository\org\junit\platform\junit-platform-engine\1.10.3\junit-platform-engine-1.10.3.jar;C:\Users\alskd\.m2\repository\org\opentest4j\opentest4j\1.3.0\opentest4j-1.3.0.jar;C:\Users\alskd\.m2\repository\org\junit\platform\junit-platform-commons\1.10.3\junit-platform-commons-1.10.3.jar;C:\Users\alskd\.m2\repository\org\apiguardian\apiguardian-api\1.1.2\apiguardian-api-1.1.2.jar;C:\Users\alskd\.m2\repository\org\junit\jupiter\junit-jupiter-engine\5.10.3\junit-jupiter-engine-5.10.3.jar;C:\Users\alskd\.m2\repository\org\junit\jupiter\junit-jupiter-api\5.10.3\junit-jupiter-api-5.10.3.jar;C:\Users\alskd\.m2\repository\org\junit\vintage\junit-vintage-engine\5.10.3\junit-vintage-engine-5.10.3.jar;C:\Users\alskd\.m2\repository\junit\junit\4.13.2\junit-4.13.2.jar;C:\Users\alskd\.m2\repository\org\hamcrest\hamcrest-core\1.3\hamcrest-core-1.3.jar;C:\Users\alskd\.m2\repository\org\projectlombok\lombok\1.18.32\lombok-1.18.32.jar;C:\Users\alskd\.m2\repository\ch\qos\logback\logback-classic\1.5.6\logback-classic-1.5.6.jar;C:\Users\alskd\.m2\repository\ch\qos\logback\logback-core\1.5.6\logback-core-1.5.6.jar;C:\Users\alskd\.m2\repository\org\slf4j\slf4j-api\2.0.13\slf4j-api-2.0.13.jar;C:\Users\alskd\.m2\repository\org\apache\commons\commons-lang3\3.16.0\commons-lang3-3.16.0.jar;C:\Users\alskd\.m2\repository\org\mockito\mockito-core\5.13.0\mockito-core-5.13.0.jar;C:\Users\alskd\.m2\repository\net\bytebuddy\byte-buddy\1.15.0\byte-buddy-1.15.0.jar;C:\Users\alskd\.m2\repository\net\bytebuddy\byte-buddy-agent\1.15.0\byte-buddy-agent-1.15.0.jar;C:\Users\alskd\.m2\repository\org\objenesis\objenesis\3.3\objenesis-3.3.jar;"/>
    <property name="sun.cpu.endian" value="little"/>
    <property name="user.home" value="C:\Users\alskd"/>
    <property name="user.language" value="ko"/>
    <property name="java.specification.vendor" value="Oracle Corporation"/>
    <property name="java.version.date" value="2023-10-17"/>
    <property name="java.home" value="C:\Users\alskd\.jdks\openjdk-21.0.1"/>
    <property name="file.separator" value="\"/>
    <property name="basedir" value="C:\Users\alskd\My_code_nhn\Thread_network\Network\java-socket-exercise"/>
    <property name="java.vm.compressedOopsMode" value="Zero based"/>
    <property name="line.separator" value="&#10;"/>
    <property name="java.vm.specification.vendor" value="Oracle Corporation"/>
    <property name="java.specification.name" value="Java Platform API Specification"/>
    <property name="surefire.real.class.path" value="C:\Users\alskd\AppData\Local\Temp\surefire1267551472929157974\surefirebooter-20250212134950553_3.jar"/>
    <property name="user.script" value=""/>
    <property name="sun.management.compiler" value="HotSpot 64-Bit Tiered Compilers"/>
    <property name="java.runtime.version" value="21.0.1+12-29"/>
    <property name="user.name" value="alskd"/>
    <property name="stdout.encoding" value="MS949"/>
    <property name="path.separator" value=";"/>
    <property name="os.version" value="10.0"/>
    <property name="java.runtime.name" value="OpenJDK Runtime Environment"/>
    <property name="file.encoding" value="UTF-8"/>
    <property name="java.vm.name" value="OpenJDK 64-Bit Server VM"/>
    <property name="localRepository" value="C:\Users\alskd\.m2\repository"/>
    <property name="java.vendor.url.bug" value="https://bugreport.java.com/bugreport/"/>
    <property name="java.io.tmpdir" value="C:\Users\alskd\AppData\Local\Temp\"/>
    <property name="idea.version" value="2023.3.2"/>
    <property name="java.version" value="21.0.1"/>
    <property name="user.dir" value="C:\Users\alskd\My_code_nhn\Thread_network\Network\java-socket-exercise"/>
    <property name="os.arch" value="amd64"/>
    <property name="java.vm.specification.name" value="Java Virtual Machine Specification"/>
    <property name="sun.os.patch.level" value=""/>
    <property name="native.encoding" value="MS949"/>
    <property name="java.library.path" value="C:\Users\alskd\.jdks\openjdk-21.0.1\bin;C:\WINDOWS\Sun\Java\bin;C:\WINDOWS\system32;C:\WINDOWS;C:\MinGW\bin;C:\WINDOWS\System32\Dism;C:\Windows\System32;C:\Users\alskd\AppData\Local\Programs\Python\Python310;C:\Program Files\Git\cmd;C:\MinGW\bin;C:\msys64\mingw64\bin;C:\Program Files\Java\jdk-17\bin;C:\Users\alskd\anaconda3;C:\Users\alskd\anaconda3\Library\mingw-w64\bin;C:\Users\alskd\anaconda3\Library\usr\bin;C:\Users\alskd\anaconda3\Library\bin;C:\Users\alskd\anaconda3\Scripts;C:\Users\alskd\AppData\Local\Programs\Python\Python311\Scripts\;C:\Users\alskd\AppData\Local\Programs\Python\Python311\;C:\Users\alskd\AppData\Local\Microsoft\WindowsApps;C:\Users\alskd\AppData\Local\Programs\Microsoft VS Code\bin;C:\Program Files\PostgreSQL\11\bin;C:\Users\alskd\IntelliJ IDEA Community Edition 2023.3.2\bin;C:\Users\alskd\PyCharm Community Edition 2023.3.4\bin;C:\netcat;C:\Users\alskd\My_code_nhn\Thread_network\netcat;C:\MinGW\bin;C:\WINDOWS\System32\Dism;C:\Windows\System32;C:\Users\alskd\AppData\Local\Programs\Python\Python310;C:\Program Files\Git\cmd;C:\MinGW\bin;C:\msys64\mingw64\bin;C:\Program Files\Java\jdk-17\bin;C:\Users\alskd\My_code_nhn\Thread_network\netcat;C:\Users\alskd\anaconda3;C:\Users\alskd\anaconda3\Library\mingw-w64\bin;C:\Users\alskd\anaconda3\Library\usr\bin;C:\Users\alskd\anaconda3\Library\bin;C:\Users\alskd\anaconda3\Scripts;C:\Users\alskd\AppData\Local\Programs\Python\Python311\Scripts\;C:\Users\alskd\AppData\Local\Programs\Python\Python311\;C:\Users\alskd\AppData\Local\Microsoft\WindowsApps;C:\Users\alskd\AppData\Local\Programs\Microsoft VS Code\bin;C:\Program Files\PostgreSQL\11\bin;C:\Users\alskd\IntelliJ IDEA Community Edition 2023.3.2\bin;C:\Users\alskd\PyCharm Community Edition 2023.3.4\bin;;."/>
    <property name="java.vm.info" value="mixed mode, sharing"/>
    <property name="stderr.encoding" value="MS949"/>
    <property name="java.vendor" value="Oracle Corporation"/>
    <property name="java.vm.version" value="21.0.1+12-29"/>
    <property name="sun.io.unicode.encoding" value="UnicodeLittle"/>
    <property name="java.class.version" value="65.0"/>
  </properties>
  <testcase name="constructor" classname="com.nhnacademy.server.method.response.impl.PortResponseTest" time="0.002"/>
  <testcase name="getMethod" classname="com.nhnacademy.server.method.response.impl.PortResponseTest" time="0.0"/>
  <testcase name="validate1" classname="com.nhnacademy.server.method.response.impl.PortResponseTest" time="0.001"/>
  <testcase name="validate2" classname="com.nhnacademy.server.method.response.impl.PortResponseTest" time="0.0"/>
  <testcase name="execute1" classname="com.nhnacademy.server.method.response.impl.PortResponseTest" time="0.022">
    <error message="java.io.IOException: Cannot run program &quot;lsof&quot;: CreateProcess error=2, 지정된 파일을 찾을 수 없습니다" type="java.lang.RuntimeException"><![CDATA[java.lang.RuntimeException: java.io.IOException: Cannot run program "lsof": CreateProcess error=2, 지정된 파일을 찾을 수 없습니다
	at com.nhnacademy.server.method.response.impl.PortResponse.execute(PortResponse.java:55)
	at com.nhnacademy.server.method.response.impl.PortResponseTest.execute1(PortResponseTest.java:81)
	at java.base/java.lang.reflect.Method.invoke(Method.java:580)
	at java.base/java.util.ArrayList.forEach(ArrayList.java:1596)
	at java.base/java.util.ArrayList.forEach(ArrayList.java:1596)
Caused by: java.io.IOException: Cannot run program "lsof": CreateProcess error=2, 지정된 파일을 찾을 수 없습니다
	at java.base/java.lang.ProcessBuilder.start(ProcessBuilder.java:1170)
	at java.base/java.lang.ProcessBuilder.start(ProcessBuilder.java:1089)
	at java.base/java.lang.Runtime.exec(Runtime.java:681)
	at java.base/java.lang.Runtime.exec(Runtime.java:491)
	at java.base/java.lang.Runtime.exec(Runtime.java:366)
	at com.nhnacademy.server.method.response.impl.PortResponse.execute(PortResponse.java:36)
	... 4 more
Caused by: java.io.IOException: CreateProcess error=2, 지정된 파일을 찾을 수 없습니다
	at java.base/java.lang.ProcessImpl.create(Native Method)
	at java.base/java.lang.ProcessImpl.<init>(ProcessImpl.java:500)
	at java.base/java.lang.ProcessImpl.start(ProcessImpl.java:159)
	at java.base/java.lang.ProcessBuilder.start(ProcessBuilder.java:1126)
	... 9 more
]]></error>
  </testcase>
</testsuite>